C51 COMPILER V9.00   MAIN                                                                  04/24/2016 15:00:13 PAGE 1   


C51 COMPILER V9.00, COMPILATION OF MODULE MAIN
OBJECT MODULE PLACED IN main.obj
COMPILER INVOKED BY: D:\Keil\C51\BIN\C51.EXE App\main.c BROWSE DEBUG OBJECTEXTEND PRINT(.\main.lst) OBJECT(main.obj)

line level    source

   1          #include ".\Head\stc12c5a60s2.h"
   2          #include ".\Head\intrins.h"
   3          #include ".\Head\LCD1602.h"
   4          #include ".\Head\ds18b20.h"
   5          void Delay500ms()               //@11.0592MHz
   6          {
   7   1              unsigned char i, j, k;
   8   1      
   9   1              _nop_();
  10   1              _nop_();
  11   1              i = 22;
  12   1              j = 3;
  13   1              k = 227;
  14   1              do
  15   1              {
  16   2                      do
  17   2                      {
  18   3                              while (--k);
  19   3                      } while (--j);
  20   2              } while (--i);
  21   1      }
  22          
  23          //extern void Read_DS18B20_ROM(void)    ;
  24          //extern void Display_DS18B20_ROM();
  25          //extern float  Read_DS18B20_Num(unsigned int num_ds18b20);
  26          float a=0;
  27          int main(void)
  28          {
  29   1              Initial_LCD();
  30   1              while(1)
  31   1              {
  32   2                       Display_DS18B20_ROM();    //显示一个陌生的DS18B20的ROM的
  33   2      
  34   2                      /*****显示两个DS18B20挂载在同一根总线上的温度显示的数据********/
  35   2      //              LocatPos(0,0);
  36   2      //              a=Read_DS18B20_Num(1);
  37   2      //              WriteToLCD(0x30|(unsigned char)a/10);
  38   2      //              WriteToLCD(0x30|(unsigned char)a%10);
  39   2      //              LocatPos(0,1);
  40   2      //              a=Read_DS18B20_Num(2);
  41   2      //              WriteToLCD(0x30|(unsigned char)a/10);
  42   2      //              WriteToLCD(0x30|(unsigned char)a%10);
  43   2                      
  44   2                      
  45   2                      
  46   2                              
  47   2                       Delay500ms();
  48   2              }
  49   1              return 0;
  50   1      }


MODULE INFORMATION:   STATIC OVERLAYABLE
   CODE SIZE        =     26    ----
   CONSTANT SIZE    =   ----    ----
C51 COMPILER V9.00   MAIN                                                                  04/24/2016 15:00:13 PAGE 2   

   XDATA SIZE       =   ----    ----
   PDATA SIZE       =   ----    ----
   DATA SIZE        =      4    ----
   IDATA SIZE       =   ----    ----
   BIT SIZE         =   ----    ----
END OF MODULE INFORMATION.


C51 COMPILATION COMPLETE.  0 WARNING(S),  0 ERROR(S)
