C51 COMPILER V9.55   BSP_PRINTF                                                            08/05/2016 00:49:06 PAGE 1   


C51 COMPILER V9.55, COMPILATION OF MODULE BSP_PRINTF
OBJECT MODULE PLACED IN .\Objects\bsp_printf.obj
COMPILER INVOKED BY: D:\MDK520\C51\BIN\C51.EXE App\bsp_printf.c OPTIMIZE(8,SPEED) BROWSE DEBUG OBJECTEXTEND PRINT(.\List
                    -ings\bsp_printf.lst) OBJECT(.\Objects\bsp_printf.obj)

line level    source

   1          /*********************************************************************************************************
   2          *       Model   Name    :       串口驱动模块
   3          *       File    Name    :       bsp_uart.c
   4          *       Chip                    :       STC89C52RC
   5          *       OSC                             :       11.0592M
   6          *       Made    By              :       断浪淘沙
   7          *       Vision                  :       1.0
   8          *       Discription             :       实现printf和scanf函数重定向到串口1，即支持printf信息到UART1
   9          *                                               实现重定向，只需要添加2个函数:
  10          *                                               char putchar(char c);
  11          *                                               int fgetc(FILE *f);
  12          *                                               char getchar(void)
  13          *                                               这个c模块无对应的h文件。
  14          *                                               如果需要应用程序支持 printf 函数，只用将 bsp_printf.c 这个文件添加到工程即可。
  15          *       Copyright (C), 2016-2017, 断浪淘沙 QQ:891650837
  16          *
  17          *********************************************************************************************************/
  18          #include "./head/bsp.h"
  19          
  20          /*
  21          *********************************************************************************************************
  22          *       函 数 名: putchar
  23          *       功能说明: 重定义 putchar 函数， 这样可以使用printf函数从串口1打印输出
  24          *       形    参: 等待发送的字符
  25          *       返 回 值: 返回已发送的字符
  26          *********************************************************************************************************
  27          */
  28          char putchar(char c)
  29          {
  30   1              /* 发送一个字符 c 到UART1 */
  31   1              UART_SendByte(c);
  32   1      
  33   1              return (c);
  34   1      }
  35          
  36          /*
  37          *********************************************************************************************************
  38          *       函 数 名: getchar
  39          *       功能说明: 重定义C库中的 getchar 函数,这样可以使用scanff函数从串口1输入数据
  40          *       形    参: 无
  41          *       返 回 值: 返回已读到的字符
  42          *********************************************************************************************************
  43          */
  44          char getchar(void)
  45          {
  46   1              return UART_GetByte();
  47   1      }
  48          
  49          /***************************** 断浪淘沙 (END OF FILE) *********************************/


MODULE INFORMATION:   STATIC OVERLAYABLE
   CODE SIZE        =     12    ----
   CONSTANT SIZE    =   ----    ----
C51 COMPILER V9.55   BSP_PRINTF                                                            08/05/2016 00:49:06 PAGE 2   

   XDATA SIZE       =   ----    ----
   PDATA SIZE       =   ----    ----
   DATA SIZE        =   ----       1
   IDATA SIZE       =   ----    ----
   BIT SIZE         =   ----    ----
END OF MODULE INFORMATION.


C51 COMPILATION COMPLETE.  0 WARNING(S),  0 ERROR(S)
