C51 COMPILER V9.56.0.0   MAIN                                                              05/28/2017 23:20:23 PAGE 1   


C51 COMPILER V9.56.0.0, COMPILATION OF MODULE MAIN
OBJECT MODULE PLACED IN .\Objects\main.obj
COMPILER INVOKED BY: D:\Keil_v5\C51\BIN\C51.EXE App\main.c OPTIMIZE(8,SPEED) BROWSE INCDIR(.\Head) DEBUG OBJECTEXTEND PR
                    -INT(.\Listings\main.lst) TABS(2) OBJECT(.\Objects\main.obj)

line level    source

   1          #include "stc12c5a60s2.h"
   2          #include "uart.h"
   3          #include "intrins.h"
   4          #include "eeprom.h"
   5          
   6          #define IAP_ADDRESS 0x0000
   7          
   8          
   9          void Delay100ms()   //@11.0592MHz
  10          {
  11   1        unsigned char i, j, k;
  12   1      
  13   1        i = 5;
  14   1        j = 52;
  15   1        k = 195;
  16   1        do
  17   1        {
  18   2          do
  19   2          {
  20   3            while (--k);
  21   3          } while (--j);
  22   2        } while (--i);
  23   1      }
  24          
  25          
  26          void main()
  27          {
  28   1        uart_init();
  29   1        
  30   1        iap_erase_sector(IAP_ADDRESS);    //Erase current sector
  31   1        
  32   1        /* 必须要擦除当前扇区才能够写 */
  33   1        iap_program_byte(IAP_ADDRESS, 8);
  34   1        
  35   1        while (1) {
  36   2          unsigned char temp = iap_read_byte(IAP_ADDRESS);
  37   2          uart_send_byte(temp);
  38   2          Delay100ms();
  39   2        }
  40   1      }
  41          
  42          


MODULE INFORMATION:   STATIC OVERLAYABLE
   CODE SIZE        =     46    ----
   CONSTANT SIZE    =   ----    ----
   XDATA SIZE       =   ----    ----
   PDATA SIZE       =   ----    ----
   DATA SIZE        =   ----       1
   IDATA SIZE       =   ----    ----
   BIT SIZE         =   ----    ----
END OF MODULE INFORMATION.


C51 COMPILATION COMPLETE.  0 WARNING(S),  0 ERROR(S)
