C51 COMPILER V9.56.0.0   MAIN                                                              05/24/2017 14:23:47 PAGE 1   


C51 COMPILER V9.56.0.0, COMPILATION OF MODULE MAIN
OBJECT MODULE PLACED IN .\Objects\main.obj
COMPILER INVOKED BY: D:\Keil_v5\C51\BIN\C51.EXE Source\main.c OPTIMIZE(8,SPEED) BROWSE INCDIR(.\Head) DEBUG OBJECTEXTEND
                    - PRINT(.\Listings\main.lst) TABS(2) OBJECT(.\Objects\main.obj)

line level    source

   1          #include "stc12c5a60s2.h"
   2          #include "intrins.h"
   3          #include "uart.h"
   4          #include "uart2.h"
   5          #include "lcd12864.h"
   6          #include "ds18b20.h"
   7          #include "ds1302.h"
   8          #include "key.h"
   9          
  10          #define LED P17
  11          
  12          void main (void)
  13          {
  14   1      
  15   1        uart_init();
  16   1      
  17   1        init_ds18b20();
  18   1      
  19   1        
  20   1        while (1) {
  21   2          
  22   2          float temp = 0.0;
  23   2          static unsigned char control = 0x00;
  24   2          
  25   2          unsigned char keycode = keyscan();
  26   2      
  27   2      
  28   2          /* 接收控制指令 */
  29   2          if (uartf_reciev_frame(&temp, &control))
  30   2          {
  31   3            if (control & 0x01) {
  32   4              LED = 0;
  33   4            } else {
  34   4              LED = 1;
  35   4            }
  36   3        }
  37   2          if (LED == 0) {
  38   3            control |= 0x01;
  39   3          } else {
  40   3            control &= ~0x01;
  41   3          }
  42   2          temp = rd_temperature_i();
  43   2          uart_send_frame(temp, control); 
  44   2          
  45   2          if (keycode == EN_KEY0) {
  46   3            LED = !LED;
  47   3          }
  48   2      }
  49   1      }
  50          


MODULE INFORMATION:   STATIC OVERLAYABLE
   CODE SIZE        =     95    ----
C51 COMPILER V9.56.0.0   MAIN                                                              05/24/2017 14:23:47 PAGE 2   

   CONSTANT SIZE    =   ----    ----
   XDATA SIZE       =   ----    ----
   PDATA SIZE       =   ----    ----
   DATA SIZE        =      1       5
   IDATA SIZE       =   ----    ----
   BIT SIZE         =   ----    ----
END OF MODULE INFORMATION.


C51 COMPILATION COMPLETE.  0 WARNING(S),  0 ERROR(S)
