C51 COMPILER V9.56.0.0   MAIN                                                              05/11/2017 12:03:31 PAGE 1   


C51 COMPILER V9.56.0.0, COMPILATION OF MODULE MAIN
OBJECT MODULE PLACED IN .\Objects\main.obj
COMPILER INVOKED BY: D:\Keil_v5\C51\BIN\C51.EXE App\main.c OPTIMIZE(8,SPEED) INCDIR(.\Head) DEBUG OBJECTEXTEND PRINT(.\L
                    -istings\main.lst) TABS(2) OBJECT(.\Objects\main.obj)

line level    source

   1          #include "stc12c5a60s2.h"
   2          #include "./Head/lcd12864.h"
   3          #include "stdio.h"
   4          int main()
   5          {
   6   1        unsigned char string_num[10]={0};
   7   1        unsigned int a=10116,b=3;
   8   1        float c=1.234;
   9   1        lcd12864_init();
  10   1      
  11   1        
  12   1        while(1)
  13   1        {
  14   2          lcd12864_set_window(0, 2);
  15   2          printf("断浪淘沙");
  16   2          lcd12864_set_window(1, 3);
  17   2          printf("V1.3");
  18   2          lcd12864_set_window(2, 0);
  19   2          
  20   2          lcd12864_write_string("打印整数 :");  
  21   2          lcd12864_write_uint_string(125);
  22   2          lcd12864_set_window(3, 0);
  23   2          lcd12864_write_string("打印小数 :");
  24   2          lcd12864_write_float_string(3.145);
  25   2      //    printf("%d",1234u);   //如果打印数字的话，必须是无符号的，否则如：只写一个1的话，就会打出256
  26   2      //    
  27   2      //    
  28   2      //    lcd12864_SetWindow(1,0);
  29   2      //    printf("V1.1");
  30   2      ////    lcd12864_DrowPic(Photo1);
  31   2      ////    lcd12864_DrowPoint(127,63);   //再右下角画上一个点
  32   2      ////    printf("%s",string_num);
  33   2      //    sprintf(string_num,"%d",(unsigned int)(a+b));
  34   2      //    lcd12864_WriteString(string_num);
  35   2      //    sprintf(string_num,"%f",c);
  36   2      ////    printf("%s",string_num);
  37   2      ////    lcd12864_WriteString(string_num);
  38   2      //    lcd12864_WriteFloatString(3.145);
  39   2      //    
  40   2      //    lcd12864_SetWindow(2,0);
  41   2      //    lcd12864_WriteUINTString(125);
  42   2          while(1);
  43   2        }
  44   1      }


MODULE INFORMATION:   STATIC OVERLAYABLE
   CODE SIZE        =    130    ----
   CONSTANT SIZE    =     44    ----
   XDATA SIZE       =   ----    ----
   PDATA SIZE       =   ----    ----
   DATA SIZE        =   ----      18
   IDATA SIZE       =   ----    ----
   BIT SIZE         =   ----    ----
C51 COMPILER V9.56.0.0   MAIN                                                              05/11/2017 12:03:31 PAGE 2   

END OF MODULE INFORMATION.


C51 COMPILATION COMPLETE.  0 WARNING(S),  0 ERROR(S)
