C51 COMPILER V9.56.0.0   MAIN                                                              05/15/2017 17:26:14 PAGE 1   


C51 COMPILER V9.56.0.0, COMPILATION OF MODULE MAIN
OBJECT MODULE PLACED IN main.obj
COMPILER INVOKED BY: D:\Keil_v5\C51\BIN\C51.EXE App\main.c OPTIMIZE(8,SPEED) INCDIR(.\Head) DEBUG OBJECTEXTEND PRINT(.\m
                    -ain.lst) TABS(2) OBJECT(main.obj)

line level    source

   1          #include ".\Head\stc12c5a60s2.h"
   2          #include ".\Head\intrins.h"
   3          #include ".\Head\LCD1602.h"
   4          #include ".\Head\ds18b20.h"
   5          void Delay500ms()   //@11.0592MHz
   6          {
   7   1        unsigned char i, j, k;
   8   1      
   9   1        _nop_();
  10   1        _nop_();
  11   1        i = 22;
  12   1        j = 3;
  13   1        k = 227;
  14   1        do
  15   1        {
  16   2          do
  17   2          {
  18   3            while (--k);
  19   3          } while (--j);
  20   2        } while (--i);
  21   1      }
  22          
  23          float a = 0;
  24          int main (void)
  25          {
  26   1        Initial_LCD();
  27   1        
  28   1        while(1)
  29   1        {
  30   2      //     Display_DS18B20_ROM();    //显示一个陌生的DS18B20的ROM的
  31   2      
  32   2          /*****显示两个DS18B20挂载在同一根总线上的温度显示的数据********/
  33   2      //     LocatPos(0,0);
  34   2          
  35   2        
  36   2           a=rd_temperature_f();
  37   2           WriteToLCD(0x30|(unsigned char)a/10);
  38   2           WriteToLCD(0x30|(unsigned char)a%10);
  39   2           Delay500ms();
  40   2        }
  41   1        return 0;
  42   1      }
*** WARNING C294 IN LINE 41 OF App\main.c: unreachable code


MODULE INFORMATION:   STATIC OVERLAYABLE
   CODE SIZE        =     72    ----
   CONSTANT SIZE    =   ----    ----
   XDATA SIZE       =   ----    ----
   PDATA SIZE       =   ----    ----
   DATA SIZE        =      4    ----
   IDATA SIZE       =   ----    ----
   BIT SIZE         =   ----    ----
END OF MODULE INFORMATION.

C51 COMPILER V9.56.0.0   MAIN                                                              05/15/2017 17:26:14 PAGE 2   


C51 COMPILATION COMPLETE.  1 WARNING(S),  0 ERROR(S)
