C51 COMPILER V9.56.0.0   MAIN                                                              05/26/2017 23:03:37 PAGE 1   


C51 COMPILER V9.56.0.0, COMPILATION OF MODULE MAIN
OBJECT MODULE PLACED IN .\Objects\main.obj
COMPILER INVOKED BY: D:\Keil_v5\C51\BIN\C51.EXE App\main.c OPTIMIZE(8,SPEED) BROWSE INCDIR(.\Head) DEBUG OBJECTEXTEND PR
                    -INT(.\Listings\main.lst) TABS(2) OBJECT(.\Objects\main.obj)

line level    source

   1          #include "stc12c5a60s2.h"
   2          #include "uart.h"
   3          //#include "ds1302.h"
   4          extern void Set_RTC(void);
   5          extern void Read_RTC(void);
   6          
   7          extern unsigned char l_tmpdate[7];
   8          //extern unsigned char data timeNow[7];
   9          int main()
  10          {
  11   1        uart_init();
  12   1      //  init_ds1302();
  13   1      //  set_ds1302time();
  14   1        Set_RTC();  
  15   1        while(1)
  16   1        {
  17   2          Read_RTC();
  18   2      //    unsigned char timenow[7] = {0};
  19   2      //    
  20   2      //    get_ds1302_time(timenow);
  21   2          printf("%c",l_tmpdate[1]);
  22   2        }
  23   1        
  24   1      }


MODULE INFORMATION:   STATIC OVERLAYABLE
   CODE SIZE        =     23    ----
   CONSTANT SIZE    =      3    ----
   XDATA SIZE       =   ----    ----
   PDATA SIZE       =   ----    ----
   DATA SIZE        =   ----    ----
   IDATA SIZE       =   ----    ----
   BIT SIZE         =   ----    ----
END OF MODULE INFORMATION.


C51 COMPILATION COMPLETE.  0 WARNING(S),  0 ERROR(S)
