C51 COMPILER V9.00   MAIN                                                                  04/24/2016 13:49:58 PAGE 1   


C51 COMPILER V9.00, COMPILATION OF MODULE MAIN
OBJECT MODULE PLACED IN main.obj
COMPILER INVOKED BY: D:\Keil\C51\BIN\C51.EXE App\main.c BROWSE DEBUG OBJECTEXTEND PRINT(.\main.lst) OBJECT(main.obj)

line level    source

   1          #include ".\Head\stc12c5a60s2.h"
   2          #include ".\Head\intrins.h"
   3          #include ".\Head\LCD1602.h"
   4          void Delay500ms()               //@11.0592MHz
   5          {
   6   1              unsigned char i, j, k;
   7   1      
   8   1              _nop_();
   9   1              _nop_();
  10   1              i = 22;
  11   1              j = 3;
  12   1              k = 227;
  13   1              do
  14   1              {
  15   2                      do
  16   2                      {
  17   3                              while (--k);
  18   3                      } while (--j);
  19   2              } while (--i);
  20   1      }
  21          
  22          //extern void Read_DS18B20_ROM(void)    ;
  23          extern void Display_DS18B20_ROM();
  24          
  25          int main(void)
  26          {
  27   1              Initial_LCD();
  28   1              while(1)
  29   1              {
  30   2                       Display_DS18B20_ROM();
  31   2                       Delay500ms();
  32   2              }
  33   1              return 0;
  34   1      }


MODULE INFORMATION:   STATIC OVERLAYABLE
   CODE SIZE        =     26    ----
   CONSTANT SIZE    =   ----    ----
   XDATA SIZE       =   ----    ----
   PDATA SIZE       =   ----    ----
   DATA SIZE        =   ----    ----
   IDATA SIZE       =   ----    ----
   BIT SIZE         =   ----    ----
END OF MODULE INFORMATION.


C51 COMPILATION COMPLETE.  0 WARNING(S),  0 ERROR(S)
