C51 COMPILER V9.56.0.0   MAIN                                                              05/17/2017 15:16:54 PAGE 1   


C51 COMPILER V9.56.0.0, COMPILATION OF MODULE MAIN
OBJECT MODULE PLACED IN .\Objects\main.obj
COMPILER INVOKED BY: D:\Keil_v5\C51\BIN\C51.EXE App\main.c OPTIMIZE(8,SPEED) BROWSE INCDIR(.\Head) DEBUG OBJECTEXTEND PR
                    -INT(.\Listings\main.lst) TABS(2) OBJECT(.\Objects\main.obj)

line level    source

   1          #include "stc12c5a60s2.h"
   2          #include "uart.h"
   3          int main()
   4          {
   5   1      //  unsigned char a[5] ={0};
   6   1        uart_init();
   7   1        while(1)
   8   1        {
   9   2          unsigned char b[3] = {0};
  10   2          unsigned char a = 0;
  11   2      //    unsigned char a[5] = {0};
  12   2          float ff = 0.0;
  13   2      //    printf("∂œ¿ÀÃ‘…≥≥ˆ∞Ê\r\n");
  14   2          
  15   2      //  if(uart_recieve_buf (a, 5))
  16   2      //    uart_send_buf (a, 5);
  17   2          
  18   2      //    if(uartf_reciev_frame(&ff, &a)) {
  19   2      //    b[0] = (uint8_t)(ff);
  20   2      //    b[1] = (uint16_t)(ff * 10) % 10;
  21   2      //    b[2] = a;
  22   2      //      uart_send_buf (b, 3);
  23   2      //    }
  24   2          uart_send_frame ( 28.5, 0x80);
  25   2          
  26   2        }
  27   1        
  28   1      }


MODULE INFORMATION:   STATIC OVERLAYABLE
   CODE SIZE        =     47    ----
   CONSTANT SIZE    =      3    ----
   XDATA SIZE       =   ----    ----
   PDATA SIZE       =   ----    ----
   DATA SIZE        =   ----       8
   IDATA SIZE       =   ----    ----
   BIT SIZE         =   ----    ----
END OF MODULE INFORMATION.


C51 COMPILATION COMPLETE.  0 WARNING(S),  0 ERROR(S)
