C51 COMPILER V9.55   BSP                                                                   08/05/2016 00:49:05 PAGE 1   


C51 COMPILER V9.55, COMPILATION OF MODULE BSP
OBJECT MODULE PLACED IN .\Objects\bsp.obj
COMPILER INVOKED BY: D:\MDK520\C51\BIN\C51.EXE App\bsp.c OPTIMIZE(8,SPEED) BROWSE DEBUG OBJECTEXTEND PRINT(.\Listings\bs
                    -p.lst) OBJECT(.\Objects\bsp.obj)

line level    source

   1          
   2          /*********************************************************************************************************
   3          *       Project Name    :       串口驱动模块
   4          *       File    Name    :       bsp.c
   5          *       Function                :       支持printf和scanf，其中printf是亲测了的
   6          *       Chip                    :       STC89C52RC
   7          *       OSC                             :       11.0592M
   8          *       Made    By              :       断浪淘沙
   9          *       Vision                  :       1.0
  10          *       Copyright (C), 2016-2017, 断浪淘沙 QQ:891650837
  11          *
  12          *********************************************************************************************************/
  13          
  14          #include "./head/bsp.h"
  15          
  16          /*
  17          *********************************************************************************************************
  18          *       函 数 名: bsp_Init
  19          *       功能说明: 初始化硬件设备
  20          *       形    参：无
  21          *       返 回 值: 无
  22          *********************************************************************************************************
  23          */
  24          void bsp_Init(void)
  25          {
  26   1              bsp_InitUart();         /* 初始化串口 */
  27   1      }
  28          
  29          
  30          void bsp_Idle(void)
  31          {
  32   1              ;
  33   1      }
  34          
  35          /*
  36          *********************************************************************************************************
  37          *       函 数 名: bsp_DelayMS
  38          *       功能说明: 延时函数。按照89C52调试， 12T指令周期， 11.0592晶振
  39          *       形    参：无
  40          *       返 回 值: 无
  41          *********************************************************************************************************
  42          */
  43          void bsp_DelayMS(uint16_t n)
  44          {
  45   1              /* 
  46   1                 以下代码，已经通过逻辑分析验证。     bsp_DelayMS(500) 时，实际延迟498ms 
  47   1              */
  48   1              uint16_t k;
  49   1      
  50   1              while(n--)
  51   1              {
  52   2                      for (k = 0; k < 75; k++);
  53   2              }
  54   1      }
C51 COMPILER V9.55   BSP                                                                   08/05/2016 00:49:05 PAGE 2   

  55          
  56          /***************************** 断浪淘沙(END OF FILE) *********************************/


MODULE INFORMATION:   STATIC OVERLAYABLE
   CODE SIZE        =     34    ----
   CONSTANT SIZE    =   ----    ----
   XDATA SIZE       =   ----    ----
   PDATA SIZE       =   ----    ----
   DATA SIZE        =   ----    ----
   IDATA SIZE       =   ----    ----
   BIT SIZE         =   ----    ----
END OF MODULE INFORMATION.


C51 COMPILATION COMPLETE.  0 WARNING(S),  0 ERROR(S)
