C51 COMPILER V9.56.0.0   APP_OTHER                                                         05/28/2017 22:23:06 PAGE 1   


C51 COMPILER V9.56.0.0, COMPILATION OF MODULE APP_OTHER
OBJECT MODULE PLACED IN .\Objects\app_other.obj
COMPILER INVOKED BY: D:\Keil_v5\C51\BIN\C51.EXE Source\APP\source\app_other.c OPTIMIZE(8,SPEED) BROWSE INCDIR(.\Head;.\S
                    -ource\APP\include) DEBUG OBJECTEXTEND PRINT(.\Listings\app_other.lst) TABS(2) OBJECT(.\Objects\app_other.obj)

line level    source

   1          #include "__std_type.h"
   2          #include "lcd12864.h"
   3          #include "key.h"
   4          #include "app_other.h"
   5          
   6          extern unsigned char choose_page;
   7          extern uint8_t g_home ;
   8          
   9          void other (void )
  10          {
  11   1        lcd12864_write_cmd(0x01);
  12   1        while (g_home) {
  13   2          
  14   2          unsigned char keyval = keyscan(5);
  15   2          if (EN_KEY3 == keyval) {
  16   3            choose_page = 1;
  17   3            break;
  18   3          }
  19   2          lcd12864_set_window(0, 3);
  20   2          lcd12864_write_string("STAIP");
  21   2          lcd12864_set_window(1, 1);
  22   2          lcd12864_write_string("192.168.1.200");
  23   2          
  24   2          lcd12864_set_window(2, 3);
  25   2          lcd12864_write_string("APIP");
  26   2          lcd12864_set_window(3, 1);
  27   2          lcd12864_write_string("192.168.4.1");
  28   2        }
  29   1      }


MODULE INFORMATION:   STATIC OVERLAYABLE
   CODE SIZE        =     92    ----
   CONSTANT SIZE    =     37    ----
   XDATA SIZE       =   ----    ----
   PDATA SIZE       =   ----    ----
   DATA SIZE        =   ----       1
   IDATA SIZE       =   ----    ----
   BIT SIZE         =   ----    ----
END OF MODULE INFORMATION.


C51 COMPILATION COMPLETE.  0 WARNING(S),  0 ERROR(S)
