C51 COMPILER V9.56.0.0   APP_SETTING                                                       05/28/2017 23:43:09 PAGE 1   


C51 COMPILER V9.56.0.0, COMPILATION OF MODULE APP_SETTING
OBJECT MODULE PLACED IN .\Objects\app_setting.obj
COMPILER INVOKED BY: D:\Keil_v5\C51\BIN\C51.EXE Source\APP\source\app_setting.c OPTIMIZE(8,SPEED) BROWSE INCDIR(.\Head;.
                    -\Source\APP\include) DEBUG OBJECTEXTEND PRINT(.\Listings\app_setting.lst) TABS(2) OBJECT(.\Objects\app_setting.obj)

line level    source

   1          #include "__std_type.h"
   2          #include "lcd12864.h"
   3          #include "key.h"
   4          #include "app_setting.h"
   5          
   6          extern unsigned char choose_page;
   7          extern uint8_t g_home ;
   8          
   9          void setting (void)
  10          {
  11   1        unsigned char point_select = 0;
  12   1        lcd12864_write_cmd(0x01);
  13   1        lcd12864_set_window(0, 1);
  14   1        lcd12864_write_string("≡≡设置≡≡");
  15   1        lcd12864_set_window(1, 0);
  16   1        lcd12864_write_string("1.时间");
  17   1        lcd12864_set_window(2, 0);
  18   1        lcd12864_write_string("2.温度");
  19   1        while (g_home) {
  20   2          unsigned char keyval = keyscan(5);
  21   2          
  22   2          if (EN_KEY0 == keyval) {
  23   3            if (point_select == 0) {
  24   4              choose_page = 5;
  25   4            } else {
  26   4              choose_page = 6;
  27   4            }
  28   3            break;
  29   3          } else if (EN_KEY3 == keyval) {
  30   3            choose_page = 1;
  31   3            break;
  32   3          } else if (EN_KEY2 == keyval) {
  33   3            point_select++;
  34   3            
  35   3            if (point_select == 2) {
  36   4              point_select = 0;
  37   4            }
  38   3          }
  39   2          
  40   2          
  41   2          
  42   2          
  43   2          switch (point_select) {
  44   3          
  45   3            case 0:
  46   3              lcd12864_set_window(2, 3);
  47   3              lcd12864_write_data(32);
  48   3            
  49   3              lcd12864_set_window(1, 3);
  50   3              lcd12864_write_data(17);
  51   3              break;
  52   3            case 1:
  53   3              lcd12864_set_window(1, 3);
  54   3              lcd12864_write_data(32);  
C51 COMPILER V9.56.0.0   APP_SETTING                                                       05/28/2017 23:43:09 PAGE 2   

  55   3            
  56   3              lcd12864_set_window(2, 3);
  57   3              lcd12864_write_data(17);
  58   3              break;
  59   3            default:
  60   3              break;
  61   3          }
  62   2        }
  63   1      }


MODULE INFORMATION:   STATIC OVERLAYABLE
   CODE SIZE        =    161    ----
   CONSTANT SIZE    =     27    ----
   XDATA SIZE       =   ----    ----
   PDATA SIZE       =   ----    ----
   DATA SIZE        =   ----       2
   IDATA SIZE       =   ----    ----
   BIT SIZE         =   ----    ----
END OF MODULE INFORMATION.


C51 COMPILATION COMPLETE.  0 WARNING(S),  0 ERROR(S)
