C51 COMPILER V9.56.0.0   MAIN                                                              05/27/2017 16:53:10 PAGE 1   


C51 COMPILER V9.56.0.0, COMPILATION OF MODULE MAIN
OBJECT MODULE PLACED IN .\Objects\main.obj
COMPILER INVOKED BY: D:\Keil_v5\C51\BIN\C51.EXE App\main.c OPTIMIZE(8,SPEED) BROWSE INCDIR(.\Head) DEBUG OBJECTEXTEND PR
                    -INT(.\Listings\main.lst) TABS(2) OBJECT(.\Objects\main.obj)

line level    source

   1          #include "stc12c5a60s2.h"
   2          #include "intrins.h"
   3          #include "uart2.h"
   4          
   5          extern esp_8266_send_com ( uint8_t *com, uint8_t *ack, uint16_t waittime);
   6          extern void init_esp_8266_setting ( void);
   7          
   8          
   9          void Delay2000ms()    //@11.0592MHz
  10          {
  11   1        unsigned char i, j, k;
  12   1      
  13   1        _nop_();
  14   1        _nop_();
  15   1        i = 85;
  16   1        j = 12;
  17   1        k = 155;
  18   1        do
  19   1        {
  20   2          do
  21   2          {
  22   3            while (--k);
  23   3          } while (--j);
  24   2        } while (--i);
  25   1      }
  26          
  27          
  28          extern uint8_t g_wifi_ok ;
  29          extern uint8_t g_uart2_sta;
  30          extern uint8_t  xdata __g_uart2_buf[UART2_BUF_SIZE];
  31          void main()
  32          {
  33   1        
  34   1        uart2_init();
  35   1        Delay2000ms();
  36   1        init_esp_8266_setting();
  37   1          while(1)
  38   1          {
  39   2            if (g_wifi_ok) {
  40   3              
  41   3              if (g_uart2_sta & 0x80) {
  42   4              
  43   4                if (__g_uart2_buf[1] == 0x01) {
  44   5                  uart2_send_string("123456");
  45   5                }
  46   4                g_uart2_sta = 0x00;
  47   4              }
  48   3              
  49   3            }
  50   2          }
  51   1      }
  52          
  53          

C51 COMPILER V9.56.0.0   MAIN                                                              05/27/2017 16:53:10 PAGE 2   


MODULE INFORMATION:   STATIC OVERLAYABLE
   CODE SIZE        =     54    ----
   CONSTANT SIZE    =      7    ----
   XDATA SIZE       =   ----    ----
   PDATA SIZE       =   ----    ----
   DATA SIZE        =   ----    ----
   IDATA SIZE       =   ----    ----
   BIT SIZE         =   ----    ----
END OF MODULE INFORMATION.


C51 COMPILATION COMPLETE.  0 WARNING(S),  0 ERROR(S)
