C51 COMPILER V9.56.0.0   MAIN                                                              05/11/2017 19:26:49 PAGE 1   


C51 COMPILER V9.56.0.0, COMPILATION OF MODULE MAIN
OBJECT MODULE PLACED IN main.obj
COMPILER INVOKED BY: D:\Keil_v5\C51\BIN\C51.EXE App\main.c OPTIMIZE(8,SPEED) INCDIR(.\Head) DEBUG OBJECTEXTEND PRINT(.\m
                    -ain.lst) TABS(2) OBJECT(main.obj)

line level    source

   1          #include "./Head/stc12c5a60s2.h"
   2          #include "./Head/key.h"
   3          sbit LED0=P2^0;
   4          void main()
   5          {
   6   1        while(1)
   7   1        {
   8   2           unsigned char keycode=keyscan();
   9   2           if(keycode==EN_KEY0)
  10   2           {
  11   3            LED0=!LED0;
  12   3           }
  13   2        }
  14   1      }


MODULE INFORMATION:   STATIC OVERLAYABLE
   CODE SIZE        =     14    ----
   CONSTANT SIZE    =   ----    ----
   XDATA SIZE       =   ----    ----
   PDATA SIZE       =   ----    ----
   DATA SIZE        =   ----       1
   IDATA SIZE       =   ----    ----
   BIT SIZE         =   ----    ----
END OF MODULE INFORMATION.


C51 COMPILATION COMPLETE.  0 WARNING(S),  0 ERROR(S)
